  [1m[36m (75.6ms)[0m  [1mCREATE TABLE "schema_migrations" ("version" character varying NOT NULL) [0m
  [1m[35m (63.4ms)[0m  CREATE UNIQUE INDEX  "unique_schema_migrations" ON "schema_migrations"  ("version")
  [1m[36mActiveRecord::SchemaMigration Load (0.8ms)[0m  [1mSELECT "schema_migrations".* FROM "schema_migrations"[0m
Migrating to DeviseCreateUsers (20150218192812)
  [1m[35m (0.6ms)[0m  BEGIN
DEPRECATION WARNING: `#timestamp` was called without specifying an option for `null`. In Rails 5, this behavior will change to `null: false`. You should manually specify `null: true` to prevent the behavior of your existing migrations from changing. (called from block in change at /home/scripts/ctest/db/migrate/20150218192812_devise_create_users.rb:34)
  [1m[36m (104.3ms)[0m  [1mCREATE TABLE "users" ("id" serial primary key, "email" character varying DEFAULT '' NOT NULL, "encrypted_password" character varying DEFAULT '' NOT NULL, "reset_password_token" character varying, "reset_password_sent_at" timestamp, "remember_created_at" timestamp, "sign_in_count" integer DEFAULT 0 NOT NULL, "current_sign_in_at" timestamp, "last_sign_in_at" timestamp, "current_sign_in_ip" inet, "last_sign_in_ip" inet, "created_at" timestamp, "updated_at" timestamp) [0m
  [1m[35m (52.3ms)[0m  CREATE UNIQUE INDEX  "index_users_on_email" ON "users"  ("email")
  [1m[36m (41.5ms)[0m  [1mCREATE UNIQUE INDEX  "index_users_on_reset_password_token" ON "users"  ("reset_password_token")[0m
  [1m[35mSQL (0.8ms)[0m  INSERT INTO "schema_migrations" ("version") VALUES ($1)  [["version", "20150218192812"]]
  [1m[36m (22.3ms)[0m  [1mCOMMIT[0m
Migrating to AddNameToUsers (20150218192816)
  [1m[35m (0.7ms)[0m  BEGIN
  [1m[36m (1.0ms)[0m  [1mALTER TABLE "users" ADD "name" character varying[0m
  [1m[35mSQL (0.7ms)[0m  INSERT INTO "schema_migrations" ("version") VALUES ($1)  [["version", "20150218192816"]]
  [1m[36m (10.6ms)[0m  [1mCOMMIT[0m
  [1m[35mActiveRecord::SchemaMigration Load (0.6ms)[0m  SELECT "schema_migrations".* FROM "schema_migrations"
  [1m[36m (6.8ms)[0m  [1mSELECT t2.oid::regclass::text AS to_table, a1.attname AS column, a2.attname AS primary_key, c.conname AS name, c.confupdtype AS on_update, c.confdeltype AS on_delete
FROM pg_constraint c
JOIN pg_class t1 ON c.conrelid = t1.oid
JOIN pg_class t2 ON c.confrelid = t2.oid
JOIN pg_attribute a1 ON a1.attnum = c.conkey[1] AND a1.attrelid = t1.oid
JOIN pg_attribute a2 ON a2.attnum = c.confkey[1] AND a2.attrelid = t2.oid
JOIN pg_namespace t3 ON c.connamespace = t3.oid
WHERE c.contype = 'f'
  AND t1.relname = 'users'
  AND t3.nspname = ANY (current_schemas(false))
ORDER BY c.conname
[0m
  [1m[36mActiveRecord::SchemaMigration Load (0.9ms)[0m  [1mSELECT "schema_migrations".* FROM "schema_migrations"[0m
  [1m[35mActiveRecord::SchemaMigration Load (0.6ms)[0m  SELECT "schema_migrations".* FROM "schema_migrations"
  [1m[36m (6.6ms)[0m  [1mSELECT t2.oid::regclass::text AS to_table, a1.attname AS column, a2.attname AS primary_key, c.conname AS name, c.confupdtype AS on_update, c.confdeltype AS on_delete
FROM pg_constraint c
JOIN pg_class t1 ON c.conrelid = t1.oid
JOIN pg_class t2 ON c.confrelid = t2.oid
JOIN pg_attribute a1 ON a1.attnum = c.conkey[1] AND a1.attrelid = t1.oid
JOIN pg_attribute a2 ON a2.attnum = c.confkey[1] AND a2.attrelid = t2.oid
JOIN pg_namespace t3 ON c.connamespace = t3.oid
WHERE c.contype = 'f'
  AND t1.relname = 'users'
  AND t3.nspname = ANY (current_schemas(false))
ORDER BY c.conname
[0m
  [1m[36mActiveRecord::SchemaMigration Load (1.1ms)[0m  [1mSELECT "schema_migrations".* FROM "schema_migrations"[0m
  [1m[35mUser Load (32.5ms)[0m  SELECT  "users".* FROM "users" WHERE "users"."email" = $1 LIMIT 1  [["email", "user@example.com"]]
  [1m[36m (0.5ms)[0m  [1mBEGIN[0m
  [1m[35mUser Exists (0.7ms)[0m  SELECT  1 AS one FROM "users" WHERE "users"."email" = 'user@example.com' LIMIT 1
  [1m[36mSQL (1.1ms)[0m  [1mINSERT INTO "users" ("email", "encrypted_password", "created_at", "updated_at") VALUES ($1, $2, $3, $4) RETURNING "id"[0m  [["email", "user@example.com"], ["encrypted_password", "$2a$10$fDxVt1lmDGnIvs5GwBy/4..coVvkU/ZfrgXKb/wAiVvh2doM9UzWq"], ["created_at", "2015-02-18 19:28:53.205655"], ["updated_at", "2015-02-18 19:28:53.205655"]]
  [1m[35m (12.5ms)[0m  COMMIT


Started GET "/" for 127.0.0.1 at 2015-02-18 11:31:15 -0800
  [1m[36mActiveRecord::SchemaMigration Load (0.9ms)[0m  [1mSELECT "schema_migrations".* FROM "schema_migrations"[0m
Processing by VisitorsController#index as HTML
  Rendered visitors/index.html.erb within layouts/application (2.1ms)
  Rendered layouts/_navigation_links.html.erb (7.8ms)
  Rendered layouts/_navigation.html.haml (13.2ms)
  Rendered layouts/_messages.html.haml (2.6ms)
Completed 200 OK in 10095ms (Views: 10079.8ms | ActiveRecord: 0.0ms)


Started GET "/users/sign_up" for 127.0.0.1 at 2015-02-18 11:31:41 -0800
Processing by Devise::RegistrationsController#new as HTML
  Rendered devise/registrations/new.html.erb within layouts/application (54.5ms)
  Rendered layouts/_navigation_links.html.erb (0.7ms)
  Rendered layouts/_navigation.html.haml (2.8ms)
  Rendered layouts/_messages.html.haml (0.5ms)
Completed 200 OK in 329ms (Views: 296.1ms | ActiveRecord: 5.3ms)


Started POST "/users" for 127.0.0.1 at 2015-02-18 11:31:56 -0800
Processing by Devise::RegistrationsController#create as HTML
  Parameters: {"utf8"=>"✓", "authenticity_token"=>"sxQQNLMA0hfvxWfjhI9xQWi/GP8b/maNTpy067xfRCgeW07az/VOfnKJstooeuO0uyfzegOp5xkTYFPLeoV/TA==", "user"=>{"name"=>"jason", "email"=>"jerickson.crownci@gmail.com", "password"=>"[FILTERED]", "password_confirmation"=>"[FILTERED]"}, "commit"=>"Sign up"}
Unpermitted parameter: name
  [1m[35m (0.4ms)[0m  BEGIN
  [1m[36mUser Exists (1.4ms)[0m  [1mSELECT  1 AS one FROM "users" WHERE "users"."email" = 'jerickson.crownci@gmail.com' LIMIT 1[0m
  [1m[35m (0.5ms)[0m  ROLLBACK
  Rendered devise/registrations/new.html.erb within layouts/application (14.3ms)
  Rendered layouts/_navigation_links.html.erb (1.0ms)
  Rendered layouts/_navigation.html.haml (3.0ms)
  Rendered layouts/_messages.html.haml (0.3ms)
Completed 200 OK in 481ms (Views: 298.5ms | ActiveRecord: 2.3ms)


Started POST "/users" for 127.0.0.1 at 2015-02-18 11:32:22 -0800
Processing by Devise::RegistrationsController#create as HTML
  Parameters: {"utf8"=>"✓", "authenticity_token"=>"aZ+3goHmZP+mv5w7pIERel9cOHaiInJqpj6xAUX74yTE0Ols/RP4ljvzSQIIdIOPjMTT87p18/77wlYhgyHYQA==", "user"=>{"name"=>"jerickson", "email"=>"jerickson.crownci@gmail.com", "password"=>"[FILTERED]", "password_confirmation"=>"[FILTERED]"}, "commit"=>"Sign up"}
Unpermitted parameter: name
  [1m[36m (0.4ms)[0m  [1mBEGIN[0m
  [1m[35mUser Exists (0.7ms)[0m  SELECT  1 AS one FROM "users" WHERE "users"."email" = 'jerickson.crownci@gmail.com' LIMIT 1
  [1m[36mSQL (1.0ms)[0m  [1mINSERT INTO "users" ("email", "encrypted_password", "created_at", "updated_at") VALUES ($1, $2, $3, $4) RETURNING "id"[0m  [["email", "jerickson.crownci@gmail.com"], ["encrypted_password", "$2a$10$swwcMu1caimMfXPVBmXez.j7cB8gF.b9ryG3YA0Y7r6uB61CzAGXW"], ["created_at", "2015-02-18 19:32:22.288757"], ["updated_at", "2015-02-18 19:32:22.288757"]]
  [1m[35m (79.6ms)[0m  COMMIT
  [1m[36m (0.5ms)[0m  [1mBEGIN[0m
  [1m[35mSQL (35.1ms)[0m  UPDATE "users" SET "last_sign_in_at" = $1, "current_sign_in_at" = $2, "last_sign_in_ip" = $3, "current_sign_in_ip" = $4, "sign_in_count" = $5, "updated_at" = $6 WHERE "users"."id" = $7  [["last_sign_in_at", "2015-02-18 19:32:22.375889"], ["current_sign_in_at", "2015-02-18 19:32:22.375889"], ["last_sign_in_ip", "127.0.0.1/32"], ["current_sign_in_ip", "127.0.0.1/32"], ["sign_in_count", 1], ["updated_at", "2015-02-18 19:32:22.380026"], ["id", 2]]
  [1m[36m (6.5ms)[0m  [1mCOMMIT[0m
Redirected to http://127.0.0.1:3000/
Completed 302 Found in 271ms (ActiveRecord: 124.4ms)


Started GET "/" for 127.0.0.1 at 2015-02-18 11:32:22 -0800
Processing by VisitorsController#index as HTML
  Rendered visitors/index.html.erb within layouts/application (0.1ms)
  [1m[35mUser Load (0.8ms)[0m  SELECT  "users".* FROM "users" WHERE "users"."id" = $1  ORDER BY "users"."id" ASC LIMIT 1  [["id", 2]]
  Rendered layouts/_navigation_links.html.erb (4.6ms)
  Rendered layouts/_navigation.html.haml (6.7ms)
  Rendered layouts/_messages.html.haml (0.4ms)
Completed 200 OK in 193ms (Views: 191.2ms | ActiveRecord: 0.8ms)


Started GET "/users/edit" for 127.0.0.1 at 2015-02-18 11:32:31 -0800
Processing by Devise::RegistrationsController#edit as HTML
  [1m[36mUser Load (0.9ms)[0m  [1mSELECT  "users".* FROM "users" WHERE "users"."id" = $1  ORDER BY "users"."id" ASC LIMIT 1[0m  [["id", 2]]
  Rendered devise/registrations/edit.html.erb within layouts/application (17.8ms)
  Rendered layouts/_navigation_links.html.erb (1.2ms)
  Rendered layouts/_navigation.html.haml (7.0ms)
  Rendered layouts/_messages.html.haml (2.4ms)
Completed 200 OK in 239ms (Views: 234.8ms | ActiveRecord: 0.9ms)


Started GET "/" for 127.0.0.1 at 2015-02-18 11:32:47 -0800
Processing by VisitorsController#index as HTML
  Rendered visitors/index.html.erb within layouts/application (0.5ms)
  [1m[35mUser Load (0.9ms)[0m  SELECT  "users".* FROM "users" WHERE "users"."id" = $1  ORDER BY "users"."id" ASC LIMIT 1  [["id", 2]]
  Rendered layouts/_navigation_links.html.erb (3.6ms)
  Rendered layouts/_navigation.html.haml (6.3ms)
  Rendered layouts/_messages.html.haml (0.3ms)
Completed 200 OK in 219ms (Views: 216.8ms | ActiveRecord: 0.9ms)


Started DELETE "/users/sign_out" for 127.0.0.1 at 2015-02-18 11:32:56 -0800
Processing by Devise::SessionsController#destroy as HTML
  Parameters: {"authenticity_token"=>"NoetVUorkHkfixdowHL8Xagrh2UkO6FVd5Cz313Rpy2byPO7Nt4MEILHwlFsh26oe7Ns4DxsIMEqbFT/mwucSQ=="}
  [1m[36mUser Load (0.8ms)[0m  [1mSELECT  "users".* FROM "users" WHERE "users"."id" = $1  ORDER BY "users"."id" ASC LIMIT 1[0m  [["id", 2]]
  [1m[35m (0.4ms)[0m  BEGIN
  [1m[36m (0.4ms)[0m  [1mCOMMIT[0m
Redirected to http://127.0.0.1:3000/
Completed 302 Found in 12ms (ActiveRecord: 1.6ms)


Started GET "/" for 127.0.0.1 at 2015-02-18 11:32:56 -0800
Processing by VisitorsController#index as HTML
  Rendered visitors/index.html.erb within layouts/application (0.1ms)
  Rendered layouts/_navigation_links.html.erb (0.7ms)
  Rendered layouts/_navigation.html.haml (2.7ms)
  Rendered layouts/_messages.html.haml (0.4ms)
Completed 200 OK in 195ms (Views: 193.5ms | ActiveRecord: 0.0ms)


Started GET "/users/sign_in" for 127.0.0.1 at 2015-02-18 11:32:59 -0800
Processing by Devise::SessionsController#new as HTML
  Rendered devise/sessions/new.html.erb within layouts/application (38.2ms)
  Rendered layouts/_navigation_links.html.erb (0.9ms)
  Rendered layouts/_navigation.html.haml (2.9ms)
  Rendered layouts/_messages.html.haml (0.2ms)
Completed 200 OK in 247ms (Views: 244.7ms | ActiveRecord: 0.0ms)


Started POST "/users/sign_in" for 127.0.0.1 at 2015-02-18 11:33:03 -0800
Processing by Devise::SessionsController#create as HTML
  Parameters: {"utf8"=>"✓", "authenticity_token"=>"oy5UjaO7DhgYvHdBttc78N7z6JZKhstt7sSawiweLcPQk5r8mif52XHRaGKDbcYQ5GoDZ3JDQjTTDhDcCh9lQw==", "user"=>{"email"=>"jerickson.crownci@gmail.com", "password"=>"[FILTERED]", "remember_me"=>"1"}, "commit"=>"Sign in"}
  [1m[35mUser Load (1.0ms)[0m  SELECT  "users".* FROM "users" WHERE "users"."email" = $1  ORDER BY "users"."id" ASC LIMIT 1  [["email", "jerickson.crownci@gmail.com"]]
  [1m[36m (0.4ms)[0m  [1mBEGIN[0m
  [1m[35mSQL (0.6ms)[0m  UPDATE "users" SET "remember_created_at" = $1, "updated_at" = $2 WHERE "users"."id" = $3  [["remember_created_at", "2015-02-18 19:33:03.953358"], ["updated_at", "2015-02-18 19:33:03.955306"], ["id", 2]]
  [1m[36m (70.5ms)[0m  [1mCOMMIT[0m
  [1m[35m (0.5ms)[0m  BEGIN
  [1m[36mSQL (0.8ms)[0m  [1mUPDATE "users" SET "current_sign_in_at" = $1, "sign_in_count" = $2, "updated_at" = $3 WHERE "users"."id" = $4[0m  [["current_sign_in_at", "2015-02-18 19:33:04.031818"], ["sign_in_count", 2], ["updated_at", "2015-02-18 19:33:04.034911"], ["id", 2]]
  [1m[35m (42.3ms)[0m  COMMIT
Redirected to http://127.0.0.1:3000/
Completed 302 Found in 243ms (ActiveRecord: 116.1ms)


Started GET "/" for 127.0.0.1 at 2015-02-18 11:33:04 -0800
Processing by VisitorsController#index as HTML
  Rendered visitors/index.html.erb within layouts/application (0.1ms)
  [1m[36mUser Load (0.7ms)[0m  [1mSELECT  "users".* FROM "users" WHERE "users"."id" = $1  ORDER BY "users"."id" ASC LIMIT 1[0m  [["id", 2]]
  Rendered layouts/_navigation_links.html.erb (3.1ms)
  Rendered layouts/_navigation.html.haml (5.3ms)
  Rendered layouts/_messages.html.haml (0.5ms)
Completed 200 OK in 236ms (Views: 234.0ms | ActiveRecord: 0.7ms)


Started GET "/" for 127.0.0.1 at 2015-02-18 11:33:09 -0800
Processing by VisitorsController#index as HTML
  Rendered visitors/index.html.erb within layouts/application (0.1ms)
  [1m[35mUser Load (0.8ms)[0m  SELECT  "users".* FROM "users" WHERE "users"."id" = $1  ORDER BY "users"."id" ASC LIMIT 1  [["id", 2]]
  Rendered layouts/_navigation_links.html.erb (3.6ms)
  Rendered layouts/_navigation.html.haml (5.8ms)
  Rendered layouts/_messages.html.haml (0.5ms)
Completed 200 OK in 213ms (Views: 211.0ms | ActiveRecord: 0.8ms)


Started GET "/users/edit" for 127.0.0.1 at 2015-02-18 11:33:19 -0800
Processing by Devise::RegistrationsController#edit as HTML
  [1m[36mUser Load (0.7ms)[0m  [1mSELECT  "users".* FROM "users" WHERE "users"."id" = $1  ORDER BY "users"."id" ASC LIMIT 1[0m  [["id", 2]]
  Rendered devise/registrations/edit.html.erb within layouts/application (15.5ms)
  Rendered layouts/_navigation_links.html.erb (0.5ms)
  Rendered layouts/_navigation.html.haml (2.6ms)
  Rendered layouts/_messages.html.haml (0.2ms)
Completed 200 OK in 232ms (Views: 227.8ms | ActiveRecord: 0.7ms)


Started GET "/" for 127.0.0.1 at 2015-02-18 11:34:10 -0800
Processing by VisitorsController#index as HTML
  Rendered visitors/index.html.erb within layouts/application (0.1ms)
  [1m[35mUser Load (0.6ms)[0m  SELECT  "users".* FROM "users" WHERE "users"."id" = $1  ORDER BY "users"."id" ASC LIMIT 1  [["id", 2]]
  Rendered layouts/_navigation_links.html.erb (3.0ms)
  Rendered layouts/_navigation.html.haml (5.2ms)
  Rendered layouts/_messages.html.haml (0.2ms)
Completed 200 OK in 188ms (Views: 186.0ms | ActiveRecord: 0.6ms)


Started HEAD "/" for 127.0.0.1 at 2015-02-19 17:49:49 -0800
  [1m[36mActiveRecord::SchemaMigration Load (16.7ms)[0m  [1mSELECT "schema_migrations".* FROM "schema_migrations"[0m
Processing by VisitorsController#index as HTML
  Rendered visitors/index.html.erb within layouts/application (2.6ms)
  Rendered layouts/_navigation_links.html.erb (7.8ms)
  Rendered layouts/_navigation.html.haml (32.7ms)
  Rendered layouts/_messages.html.haml (2.2ms)
Completed 200 OK in 1839ms (Views: 1799.4ms | ActiveRecord: 0.0ms)


Started GET "/" for 127.0.0.1 at 2015-02-19 17:53:02 -0800
Processing by VisitorsController#index as HTML
  Rendered visitors/index.html.erb within layouts/application (0.1ms)
  [1m[35mUser Load (29.3ms)[0m  SELECT  "users".* FROM "users" WHERE "users"."id" = $1  ORDER BY "users"."id" ASC LIMIT 1  [["id", 2]]
  [1m[36m (0.4ms)[0m  [1mBEGIN[0m
  [1m[35mSQL (0.7ms)[0m  UPDATE "users" SET "last_sign_in_at" = $1, "current_sign_in_at" = $2, "sign_in_count" = $3, "updated_at" = $4 WHERE "users"."id" = $5  [["last_sign_in_at", "2015-02-18 19:33:04.031818"], ["current_sign_in_at", "2015-02-20 01:53:03.239956"], ["sign_in_count", 3], ["updated_at", "2015-02-20 01:53:03.243865"], ["id", 2]]
  [1m[36m (11.1ms)[0m  [1mCOMMIT[0m
  Rendered layouts/_navigation_links.html.erb (317.0ms)
  Rendered layouts/_navigation.html.haml (318.9ms)
  Rendered layouts/_messages.html.haml (0.3ms)
Completed 200 OK in 502ms (Views: 304.9ms | ActiveRecord: 195.7ms)


Started DELETE "/users/sign_out" for 127.0.0.1 at 2015-02-19 18:10:35 -0800
Processing by Devise::SessionsController#destroy as HTML
  Parameters: {"authenticity_token"=>"KirK8nZzurAipChbPXEqF8YxTPXfnqsLY9GAYnBGukDLc/BOnsYba0nUQsP9/fgVxXFjydvDKiXuqhqNvpsj2A=="}
  [1m[35mUser Load (0.9ms)[0m  SELECT  "users".* FROM "users" WHERE "users"."id" = $1  ORDER BY "users"."id" ASC LIMIT 1  [["id", 2]]
Can't verify CSRF token authenticity
Completed 422 Unprocessable Entity in 8ms

ActionController::InvalidAuthenticityToken - ActionController::InvalidAuthenticityToken:
  actionpack (4.2.0) lib/action_controller/metal/request_forgery_protection.rb:181:in `handle_unverified_request'
  actionpack (4.2.0) lib/action_controller/metal/request_forgery_protection.rb:209:in `handle_unverified_request'
  devise (3.4.1) lib/devise/controllers/helpers.rb:251:in `handle_unverified_request'
  actionpack (4.2.0) lib/action_controller/metal/request_forgery_protection.rb:204:in `verify_authenticity_token'
  activesupport (4.2.0) lib/active_support/callbacks.rb:427:in `block in make_lambda'
  activesupport (4.2.0) lib/active_support/callbacks.rb:163:in `block in halting'
  activesupport (4.2.0) lib/active_support/callbacks.rb:169:in `block in halting'
  activesupport (4.2.0) lib/active_support/callbacks.rb:151:in `block in halting_and_conditional'
  activesupport (4.2.0) lib/active_support/callbacks.rb:151:in `block in halting_and_conditional'
  activesupport (4.2.0) lib/active_support/callbacks.rb:151:in `block in halting_and_conditional'
  activesupport (4.2.0) lib/active_support/callbacks.rb:151:in `block in halting_and_conditional'
  activesupport (4.2.0) lib/active_support/callbacks.rb:92:in `_run_callbacks'
  activesupport (4.2.0) lib/active_support/callbacks.rb:734:in `_run_process_action_callbacks'
  activesupport (4.2.0) lib/active_support/callbacks.rb:81:in `run_callbacks'
  actionpack (4.2.0) lib/abstract_controller/callbacks.rb:19:in `process_action'
  actionpack (4.2.0) lib/action_controller/metal/rescue.rb:29:in `process_action'
  actionpack (4.2.0) lib/action_controller/metal/instrumentation.rb:31:in `block in process_action'
  activesupport (4.2.0) lib/active_support/notifications.rb:164:in `block in instrument'
  activesupport (4.2.0) lib/active_support/notifications/instrumenter.rb:20:in `instrument'
  activesupport (4.2.0) lib/active_support/notifications.rb:164:in `instrument'
  actionpack (4.2.0) lib/action_controller/metal/instrumentation.rb:30:in `process_action'
  actionpack (4.2.0) lib/action_controller/metal/params_wrapper.rb:250:in `process_action'
  activerecord (4.2.0) lib/active_record/railties/controller_runtime.rb:18:in `process_action'
  actionpack (4.2.0) lib/abstract_controller/base.rb:137:in `process'
  actionview (4.2.0) lib/action_view/rendering.rb:30:in `process'
  actionpack (4.2.0) lib/action_controller/metal.rb:195:in `dispatch'
  actionpack (4.2.0) lib/action_controller/metal/rack_delegation.rb:13:in `dispatch'
  actionpack (4.2.0) lib/action_controller/metal.rb:236:in `block in action'
  actionpack (4.2.0) lib/action_dispatch/routing/route_set.rb:73:in `dispatch'
  actionpack (4.2.0) lib/action_dispatch/routing/route_set.rb:42:in `serve'
  actionpack (4.2.0) lib/action_dispatch/routing/mapper.rb:49:in `serve'
  actionpack (4.2.0) lib/action_dispatch/journey/router.rb:43:in `block in serve'
  actionpack (4.2.0) lib/action_dispatch/journey/router.rb:30:in `serve'
  actionpack (4.2.0) lib/action_dispatch/routing/route_set.rb:802:in `call'
  warden (1.2.3) lib/warden/manager.rb:35:in `block in call'
  warden (1.2.3) lib/warden/manager.rb:34:in `call'
  rack (1.6.0) lib/rack/etag.rb:24:in `call'
  rack (1.6.0) lib/rack/conditionalget.rb:38:in `call'
  rack (1.6.0) lib/rack/head.rb:13:in `call'
  actionpack (4.2.0) lib/action_dispatch/middleware/params_parser.rb:27:in `call'
  actionpack (4.2.0) lib/action_dispatch/middleware/flash.rb:260:in `call'
  rack (1.6.0) lib/rack/session/abstract/id.rb:225:in `context'
  rack (1.6.0) lib/rack/session/abstract/id.rb:220:in `call'
  actionpack (4.2.0) lib/action_dispatch/middleware/cookies.rb:560:in `call'
  activerecord (4.2.0) lib/active_record/query_cache.rb:36:in `call'
  activerecord (4.2.0) lib/active_record/connection_adapters/abstract/connection_pool.rb:647:in `call'
  activerecord (4.2.0) lib/active_record/migration.rb:378:in `call'
  actionpack (4.2.0) lib/action_dispatch/middleware/callbacks.rb:29:in `block in call'
  activesupport (4.2.0) lib/active_support/callbacks.rb:88:in `_run_callbacks'
  activesupport (4.2.0) lib/active_support/callbacks.rb:734:in `_run_call_callbacks'
  activesupport (4.2.0) lib/active_support/callbacks.rb:81:in `run_callbacks'
  actionpack (4.2.0) lib/action_dispatch/middleware/callbacks.rb:27:in `call'
  actionpack (4.2.0) lib/action_dispatch/middleware/reloader.rb:73:in `call'
  actionpack (4.2.0) lib/action_dispatch/middleware/remote_ip.rb:78:in `call'
  better_errors (2.1.1) lib/better_errors/middleware.rb:84:in `protected_app_call'
  better_errors (2.1.1) lib/better_errors/middleware.rb:79:in `better_errors_call'
  better_errors (2.1.1) lib/better_errors/middleware.rb:57:in `call'
  web-console (2.0.0) lib/action_dispatch/debug_exceptions.rb:18:in `middleware_call'
  web-console (2.0.0) lib/action_dispatch/debug_exceptions.rb:13:in `call'
  actionpack (4.2.0) lib/action_dispatch/middleware/show_exceptions.rb:30:in `call'
  railties (4.2.0) lib/rails/rack/logger.rb:38:in `call_app'
  railties (4.2.0) lib/rails/rack/logger.rb:20:in `block in call'
  activesupport (4.2.0) lib/active_support/tagged_logging.rb:68:in `block in tagged'
  activesupport (4.2.0) lib/active_support/tagged_logging.rb:26:in `tagged'
  activesupport (4.2.0) lib/active_support/tagged_logging.rb:68:in `tagged'
  railties (4.2.0) lib/rails/rack/logger.rb:20:in `call'
  quiet_assets (1.1.0) lib/quiet_assets.rb:27:in `call_with_quiet_assets'
  actionpack (4.2.0) lib/action_dispatch/middleware/request_id.rb:21:in `call'
  rack (1.6.0) lib/rack/methodoverride.rb:22:in `call'
  rack (1.6.0) lib/rack/runtime.rb:18:in `call'
  activesupport (4.2.0) lib/active_support/cache/strategy/local_cache_middleware.rb:28:in `call'
  rack (1.6.0) lib/rack/lock.rb:17:in `call'
  actionpack (4.2.0) lib/action_dispatch/middleware/static.rb:113:in `call'
  rack (1.6.0) lib/rack/sendfile.rb:113:in `call'
  railties (4.2.0) lib/rails/engine.rb:518:in `call'
  railties (4.2.0) lib/rails/application.rb:164:in `call'
  /usr/lib/ruby/vendor_ruby/phusion_passenger/rack/thread_handler_extension.rb:74:in `process_request'
  /usr/lib/ruby/vendor_ruby/phusion_passenger/request_handler/thread_handler.rb:141:in `accept_and_process_next_request'
  /usr/lib/ruby/vendor_ruby/phusion_passenger/request_handler/thread_handler.rb:109:in `main_loop'
  /usr/lib/ruby/vendor_ruby/phusion_passenger/request_handler.rb:455:in `block (3 levels) in start_threads'



Started POST "/__better_errors/52dddbb21128fa33/variables" for 127.0.0.1 at 2015-02-19 18:10:35 -0800


Started GET "/" for 127.0.0.1 at 2015-02-19 18:10:49 -0800
Processing by VisitorsController#index as HTML
  Rendered visitors/index.html.erb within layouts/application (0.2ms)
  [1m[36mUser Load (0.7ms)[0m  [1mSELECT  "users".* FROM "users" WHERE "users"."id" = $1  ORDER BY "users"."id" ASC LIMIT 1[0m  [["id", 2]]
  Rendered layouts/_navigation_links.html.erb (3.4ms)
  Rendered layouts/_navigation.html.haml (5.5ms)
  Rendered layouts/_messages.html.haml (0.5ms)
Completed 200 OK in 248ms (Views: 245.5ms | ActiveRecord: 0.7ms)


Started GET "/users/edit" for 127.0.0.1 at 2015-02-19 18:10:54 -0800
Processing by Devise::RegistrationsController#edit as HTML
  [1m[35mUser Load (0.7ms)[0m  SELECT  "users".* FROM "users" WHERE "users"."id" = $1  ORDER BY "users"."id" ASC LIMIT 1  [["id", 2]]
  Rendered devise/registrations/edit.html.erb within layouts/application (167.3ms)
  Rendered layouts/_navigation_links.html.erb (1.9ms)
  Rendered layouts/_navigation.html.haml (9.3ms)
  Rendered layouts/_messages.html.haml (4.1ms)
Completed 200 OK in 471ms (Views: 466.4ms | ActiveRecord: 0.7ms)


Started DELETE "/users/sign_out" for 127.0.0.1 at 2015-02-19 18:11:01 -0800
Processing by Devise::SessionsController#destroy as HTML
  Parameters: {"authenticity_token"=>"gvhw5duZLn0ZpbGiDuf7CYVEPecyYNHg/qjdvPWIeW0vOmrrTKckJUbXnkOvmZXQy7n4n1NALsRga9Pv0oBcwA=="}
  [1m[36mUser Load (0.9ms)[0m  [1mSELECT  "users".* FROM "users" WHERE "users"."id" = $1  ORDER BY "users"."id" ASC LIMIT 1[0m  [["id", 2]]
  [1m[35m (0.4ms)[0m  BEGIN
  [1m[36mSQL (0.6ms)[0m  [1mUPDATE "users" SET "remember_created_at" = $1, "updated_at" = $2 WHERE "users"."id" = $3[0m  [["remember_created_at", nil], ["updated_at", "2015-02-20 02:11:01.421783"], ["id", 2]]
  [1m[35m (27.0ms)[0m  COMMIT
Redirected to http://127.0.0.1:3000/
Completed 302 Found in 49ms (ActiveRecord: 28.9ms)


Started GET "/" for 127.0.0.1 at 2015-02-19 18:11:01 -0800
Processing by VisitorsController#index as HTML
  Rendered visitors/index.html.erb within layouts/application (0.6ms)
  Rendered layouts/_navigation_links.html.erb (1.0ms)
  Rendered layouts/_navigation.html.haml (3.1ms)
  Rendered layouts/_messages.html.haml (0.6ms)
Completed 200 OK in 279ms (Views: 276.8ms | ActiveRecord: 0.0ms)


Started GET "/users/sign_in" for 127.0.0.1 at 2015-02-19 18:11:04 -0800
Processing by Devise::SessionsController#new as HTML
  Rendered devise/sessions/new.html.erb within layouts/application (71.9ms)
  Rendered layouts/_navigation_links.html.erb (0.7ms)
  Rendered layouts/_navigation.html.haml (2.4ms)
  Rendered layouts/_messages.html.haml (0.2ms)
Completed 200 OK in 296ms (Views: 290.5ms | ActiveRecord: 0.0ms)


Started POST "/users/sign_in" for 127.0.0.1 at 2015-02-19 18:11:12 -0800
Processing by Devise::SessionsController#create as HTML
  Parameters: {"utf8"=>"✓", "authenticity_token"=>"iMJoE68bjwtDuDtzysHn0Ydby6JxvP6beqWNfRvhtfjdhgngk1IbOhbJzO41twFmz8IqpGk4fB8nIesm+R+pVg==", "user"=>{"email"=>"jerickson.crownci@gmail.com", "password"=>"[FILTERED]", "remember_me"=>"0"}, "commit"=>"Sign in"}
  [1m[36mUser Load (1.2ms)[0m  [1mSELECT  "users".* FROM "users" WHERE "users"."email" = $1  ORDER BY "users"."id" ASC LIMIT 1[0m  [["email", "jerickson.crownci@gmail.com"]]
  [1m[35m (0.5ms)[0m  BEGIN
  [1m[36mSQL (0.7ms)[0m  [1mUPDATE "users" SET "last_sign_in_at" = $1, "current_sign_in_at" = $2, "sign_in_count" = $3, "updated_at" = $4 WHERE "users"."id" = $5[0m  [["last_sign_in_at", "2015-02-20 01:53:03.239956"], ["current_sign_in_at", "2015-02-20 02:11:12.319838"], ["sign_in_count", 4], ["updated_at", "2015-02-20 02:11:12.324356"], ["id", 2]]
  [1m[35m (43.8ms)[0m  COMMIT
Redirected to http://127.0.0.1:3000/
Completed 302 Found in 225ms (ActiveRecord: 46.1ms)


Started GET "/" for 127.0.0.1 at 2015-02-19 18:11:12 -0800
Processing by VisitorsController#index as HTML
  Rendered visitors/index.html.erb within layouts/application (0.1ms)
  [1m[36mUser Load (0.7ms)[0m  [1mSELECT  "users".* FROM "users" WHERE "users"."id" = $1  ORDER BY "users"."id" ASC LIMIT 1[0m  [["id", 2]]
  Rendered layouts/_navigation_links.html.erb (3.1ms)
  Rendered layouts/_navigation.html.haml (4.9ms)
  Rendered layouts/_messages.html.haml (0.4ms)
Completed 200 OK in 199ms (Views: 196.9ms | ActiveRecord: 0.7ms)


Started GET "/" for 127.0.0.1 at 2015-02-19 18:23:57 -0800
Processing by VisitorsController#index as HTML
  Rendered visitors/index.html.erb within layouts/application (0.6ms)
  [1m[35mUser Load (0.5ms)[0m  SELECT  "users".* FROM "users" WHERE "users"."id" = $1  ORDER BY "users"."id" ASC LIMIT 1  [["id", 2]]
  Rendered layouts/_navigation_links.html.erb (21.6ms)
  Rendered layouts/_navigation.html.haml (23.6ms)
  Rendered layouts/_messages.html.haml (0.2ms)
Completed 200 OK in 220ms (Views: 214.9ms | ActiveRecord: 4.2ms)


Started GET "/" for 127.0.0.1 at 2015-02-19 18:25:18 -0800
Processing by VisitorsController#index as HTML
  Rendered visitors/index.html.erb within layouts/application (0.1ms)
  [1m[36mUser Load (0.6ms)[0m  [1mSELECT  "users".* FROM "users" WHERE "users"."id" = $1  ORDER BY "users"."id" ASC LIMIT 1[0m  [["id", 2]]
  Rendered layouts/_navigation_links.html.erb (2.8ms)
  Rendered layouts/_navigation.html.haml (5.0ms)
  Rendered layouts/_messages.html.haml (0.2ms)
Completed 200 OK in 223ms (Views: 221.3ms | ActiveRecord: 0.6ms)


Started GET "/" for 127.0.0.1 at 2015-02-19 18:26:59 -0800
Processing by VisitorsController#index as HTML
  Rendered visitors/index.html.erb within layouts/application (0.5ms)
  [1m[35mUser Load (0.6ms)[0m  SELECT  "users".* FROM "users" WHERE "users"."id" = $1  ORDER BY "users"."id" ASC LIMIT 1  [["id", 2]]
  Rendered layouts/_navigation_links.html.erb (2.8ms)
  Rendered layouts/_navigation.html.haml (4.6ms)
  Rendered layouts/_messages.html.haml (0.2ms)
Completed 200 OK in 205ms (Views: 203.9ms | ActiveRecord: 0.6ms)


Started GET "/" for 127.0.0.1 at 2015-02-19 18:28:24 -0800
Processing by VisitorsController#index as HTML
  Rendered visitors/index.html.erb within layouts/application (0.6ms)
  [1m[36mUser Load (0.6ms)[0m  [1mSELECT  "users".* FROM "users" WHERE "users"."id" = $1  ORDER BY "users"."id" ASC LIMIT 1[0m  [["id", 2]]
  Rendered layouts/_navigation_links.html.erb (2.7ms)
  Rendered layouts/_navigation.html.haml (4.8ms)
  Rendered layouts/_messages.html.haml (0.2ms)
Completed 200 OK in 177ms (Views: 174.9ms | ActiveRecord: 0.6ms)


Started GET "/users/edit" for 127.0.0.1 at 2015-02-19 18:28:27 -0800
Processing by Devise::RegistrationsController#edit as HTML
  [1m[35mUser Load (0.6ms)[0m  SELECT  "users".* FROM "users" WHERE "users"."id" = $1  ORDER BY "users"."id" ASC LIMIT 1  [["id", 2]]
  Rendered devise/registrations/edit.html.erb within layouts/application (25.2ms)
  Rendered layouts/_navigation_links.html.erb (0.4ms)
  Rendered layouts/_navigation.html.haml (2.8ms)
  Rendered layouts/_messages.html.haml (0.2ms)
Completed 200 OK in 252ms (Views: 248.1ms | ActiveRecord: 0.6ms)


Started GET "/" for 127.0.0.1 at 2015-02-19 18:28:48 -0800
Processing by VisitorsController#index as HTML
  Rendered visitors/index.html.erb within layouts/application (0.1ms)
  [1m[36mUser Load (0.6ms)[0m  [1mSELECT  "users".* FROM "users" WHERE "users"."id" = $1  ORDER BY "users"."id" ASC LIMIT 1[0m  [["id", 2]]
  Rendered layouts/_navigation_links.html.erb (3.1ms)
  Rendered layouts/_navigation.html.haml (5.2ms)
  Rendered layouts/_messages.html.haml (0.3ms)
Completed 200 OK in 196ms (Views: 193.9ms | ActiveRecord: 0.6ms)


Started GET "/about" for 127.0.0.1 at 2015-02-19 18:29:04 -0800

ActionController::RoutingError (No route matches [GET] "/about"):
  web-console (2.0.0) lib/action_dispatch/debug_exceptions.rb:22:in `middleware_call'
  web-console (2.0.0) lib/action_dispatch/debug_exceptions.rb:13:in `call'
  actionpack (4.2.0) lib/action_dispatch/middleware/show_exceptions.rb:30:in `call'
  railties (4.2.0) lib/rails/rack/logger.rb:38:in `call_app'
  railties (4.2.0) lib/rails/rack/logger.rb:20:in `block in call'
  activesupport (4.2.0) lib/active_support/tagged_logging.rb:68:in `block in tagged'
  activesupport (4.2.0) lib/active_support/tagged_logging.rb:26:in `tagged'
  activesupport (4.2.0) lib/active_support/tagged_logging.rb:68:in `tagged'
  railties (4.2.0) lib/rails/rack/logger.rb:20:in `call'
  quiet_assets (1.1.0) lib/quiet_assets.rb:27:in `call_with_quiet_assets'
  actionpack (4.2.0) lib/action_dispatch/middleware/request_id.rb:21:in `call'
  rack (1.6.0) lib/rack/methodoverride.rb:22:in `call'
  rack (1.6.0) lib/rack/runtime.rb:18:in `call'
  activesupport (4.2.0) lib/active_support/cache/strategy/local_cache_middleware.rb:28:in `call'
  rack (1.6.0) lib/rack/lock.rb:17:in `call'
  actionpack (4.2.0) lib/action_dispatch/middleware/static.rb:113:in `call'
  rack (1.6.0) lib/rack/sendfile.rb:113:in `call'
  railties (4.2.0) lib/rails/engine.rb:518:in `call'
  railties (4.2.0) lib/rails/application.rb:164:in `call'
  /usr/lib/ruby/vendor_ruby/phusion_passenger/rack/thread_handler_extension.rb:74:in `process_request'
  /usr/lib/ruby/vendor_ruby/phusion_passenger/request_handler/thread_handler.rb:141:in `accept_and_process_next_request'
  /usr/lib/ruby/vendor_ruby/phusion_passenger/request_handler/thread_handler.rb:109:in `main_loop'
  /usr/lib/ruby/vendor_ruby/phusion_passenger/request_handler.rb:455:in `block (3 levels) in start_threads'


  Rendered /home/shaggy/.rvm/gems/ruby-2.2.0@ctest/gems/web-console-2.0.0/lib/action_dispatch/templates/rescues/_trace.html.erb (2.5ms)
  Rendered /home/shaggy/.rvm/gems/ruby-2.2.0@ctest/gems/web-console-2.0.0/lib/action_dispatch/templates/routes/_route.html.erb (2.5ms)
  Rendered /home/shaggy/.rvm/gems/ruby-2.2.0@ctest/gems/web-console-2.0.0/lib/action_dispatch/templates/routes/_table.html.erb (18.0ms)
  Rendered /home/shaggy/.rvm/gems/ruby-2.2.0@ctest/gems/web-console-2.0.0/lib/action_dispatch/templates/rescues/_request_and_response.html.erb (2.3ms)
  Rendered /home/shaggy/.rvm/gems/ruby-2.2.0@ctest/gems/web-console-2.0.0/lib/action_dispatch/templates/rescues/_web_console.html.erb (1.6ms)
  Rendered /home/shaggy/.rvm/gems/ruby-2.2.0@ctest/gems/web-console-2.0.0/lib/action_dispatch/templates/rescues/routing_error.html.erb within rescues/layout (82.6ms)


Started GET "/" for 127.0.0.1 at 2015-02-19 18:31:42 -0800
Processing by VisitorsController#index as HTML
  Rendered visitors/index.html.erb within layouts/application (0.1ms)
  [1m[35mUser Load (0.6ms)[0m  SELECT  "users".* FROM "users" WHERE "users"."id" = $1  ORDER BY "users"."id" ASC LIMIT 1  [["id", 2]]
  Rendered layouts/_navigation_links.html.erb (19.1ms)
  Rendered layouts/_navigation.html.haml (20.8ms)
  Rendered layouts/_messages.html.haml (0.3ms)
Completed 200 OK in 207ms (Views: 202.1ms | ActiveRecord: 4.2ms)


Started GET "/" for 127.0.0.1 at 2015-02-19 18:32:57 -0800
  [1m[36mActiveRecord::SchemaMigration Load (0.9ms)[0m  [1mSELECT "schema_migrations".* FROM "schema_migrations"[0m
Processing by VisitorsController#index as HTML
  Rendered visitors/index.html.erb within layouts/application (2.2ms)
  [1m[35mUser Load (1.2ms)[0m  SELECT  "users".* FROM "users" WHERE "users"."id" = $1  ORDER BY "users"."id" ASC LIMIT 1  [["id", 2]]
  Rendered layouts/_navigation_links.html.erb (106.0ms)
  Rendered layouts/_navigation.html.haml (111.6ms)
  Rendered layouts/_messages.html.haml (2.5ms)
Completed 200 OK in 771ms (Views: 721.0ms | ActiveRecord: 6.9ms)


Started GET "/" for 127.0.0.1 at 2015-02-20 08:29:09 -0800
Processing by VisitorsController#index as HTML
  Rendered visitors/index.html.erb within layouts/application (0.1ms)
  [1m[36mUser Load (0.9ms)[0m  [1mSELECT  "users".* FROM "users" WHERE "users"."id" = $1  ORDER BY "users"."id" ASC LIMIT 1[0m  [["id", 2]]
  Rendered layouts/_navigation_links.html.erb (3.0ms)
  Rendered layouts/_navigation.html.haml (4.9ms)
  Rendered layouts/_messages.html.haml (0.2ms)
Completed 200 OK in 219ms (Views: 217.5ms | ActiveRecord: 0.9ms)


Started GET "/" for 127.0.0.1 at 2015-02-20 08:29:57 -0800
Processing by VisitorsController#index as HTML
  Rendered visitors/index.html.erb within layouts/application (0.1ms)
  [1m[35mUser Load (0.7ms)[0m  SELECT  "users".* FROM "users" WHERE "users"."id" = $1  ORDER BY "users"."id" ASC LIMIT 1  [["id", 2]]
  Rendered layouts/_navigation_links.html.erb (2.9ms)
  Rendered layouts/_navigation.html.haml (4.9ms)
  Rendered layouts/_messages.html.haml (0.2ms)
Completed 200 OK in 244ms (Views: 242.5ms | ActiveRecord: 0.7ms)


Started GET "/" for 127.0.0.1 at 2015-02-20 08:36:27 -0800
Processing by VisitorsController#index as HTML
  Rendered visitors/index.html.erb within layouts/application (1.0ms)
  [1m[36mUser Load (0.7ms)[0m  [1mSELECT  "users".* FROM "users" WHERE "users"."id" = $1  ORDER BY "users"."id" ASC LIMIT 1[0m  [["id", 2]]
  Rendered layouts/_navigation_links.html.erb (3.1ms)
  Rendered layouts/_navigation.html.haml (5.1ms)
  Rendered layouts/_messages.html.haml (0.4ms)
Completed 200 OK in 245ms (Views: 243.5ms | ActiveRecord: 0.7ms)


Started GET "/" for 127.0.0.1 at 2015-02-20 08:36:38 -0800
Processing by VisitorsController#index as HTML
  Rendered visitors/index.html.erb within layouts/application (1.3ms)
  [1m[35mUser Load (0.7ms)[0m  SELECT  "users".* FROM "users" WHERE "users"."id" = $1  ORDER BY "users"."id" ASC LIMIT 1  [["id", 2]]
  Rendered layouts/_navigation_links.html.erb (2.5ms)
  Rendered layouts/_navigation.html.haml (4.5ms)
  Rendered layouts/_messages.html.haml (0.2ms)
Completed 200 OK in 202ms (Views: 200.5ms | ActiveRecord: 0.7ms)


Started GET "/" for 127.0.0.1 at 2015-02-20 10:28:48 -0800
Processing by VisitorsController#index as HTML
  Rendered visitors/index.html.erb within layouts/application (0.1ms)
  Rendered layouts/_navigation_links.html.erb (6.6ms)
  Rendered layouts/_navigation.html.haml (8.6ms)
  Rendered layouts/_messages.html.haml (0.2ms)
Completed 200 OK in 204ms (Views: 202.8ms | ActiveRecord: 0.0ms)
